mode: set
github.com/gocracker/gocracker/internal/virtio/balloon.go:102.140,103.59 1 1
github.com/gocracker/gocracker/internal/virtio/balloon.go:103.59,105.3 1 0
github.com/gocracker/gocracker/internal/virtio/balloon.go:106.2,118.32 3 1
github.com/gocracker/gocracker/internal/virtio/balloon.go:118.32,120.3 1 0
github.com/gocracker/gocracker/internal/virtio/balloon.go:121.2,121.42 1 1
github.com/gocracker/gocracker/internal/virtio/balloon.go:121.42,123.3 1 1
github.com/gocracker/gocracker/internal/virtio/balloon.go:124.2,124.10 1 1
github.com/gocracker/gocracker/internal/virtio/balloon.go:127.43,127.69 1 0
github.com/gocracker/gocracker/internal/virtio/balloon.go:129.49,131.20 2 0
github.com/gocracker/gocracker/internal/virtio/balloon.go:131.20,133.3 1 0
github.com/gocracker/gocracker/internal/virtio/balloon.go:134.2,134.20 1 0
github.com/gocracker/gocracker/internal/virtio/balloon.go:134.20,136.3 1 0
github.com/gocracker/gocracker/internal/virtio/balloon.go:137.2,137.17 1 0
github.com/gocracker/gocracker/internal/virtio/balloon.go:140.46,147.2 6 0
github.com/gocracker/gocracker/internal/virtio/balloon.go:149.65,150.34 1 0
github.com/gocracker/gocracker/internal/virtio/balloon.go:150.34,152.3 1 0
github.com/gocracker/gocracker/internal/virtio/balloon.go:153.2,165.15 12 0
github.com/gocracker/gocracker/internal/virtio/balloon.go:168.59,169.13 1 0
github.com/gocracker/gocracker/internal/virtio/balloon.go:170.27,171.32 1 0
github.com/gocracker/gocracker/internal/virtio/balloon.go:172.27,173.33 1 0
github.com/gocracker/gocracker/internal/virtio/balloon.go:177.70,178.13 1 1
github.com/gocracker/gocracker/internal/virtio/balloon.go:179.27,180.35 1 1
github.com/gocracker/gocracker/internal/virtio/balloon.go:181.27,182.36 1 1
github.com/gocracker/gocracker/internal/virtio/balloon.go:183.25,186.15 1 0
github.com/gocracker/gocracker/internal/virtio/balloon.go:187.10,188.15 1 0
github.com/gocracker/gocracker/internal/virtio/balloon.go:192.39,193.9 1 1
github.com/gocracker/gocracker/internal/virtio/balloon.go:194.18,194.18 0 0
github.com/gocracker/gocracker/internal/virtio/balloon.go:195.10,196.18 1 1
github.com/gocracker/gocracker/internal/virtio/balloon.go:198.2,198.12 1 1
github.com/gocracker/gocracker/internal/virtio/balloon.go:201.57,211.2 3 0
github.com/gocracker/gocracker/internal/virtio/balloon.go:213.62,215.24 2 1
github.com/gocracker/gocracker/internal/virtio/balloon.go:215.24,217.3 1 1
github.com/gocracker/gocracker/internal/virtio/balloon.go:218.2,224.12 7 1
github.com/gocracker/gocracker/internal/virtio/balloon.go:227.79,228.18 1 0
github.com/gocracker/gocracker/internal/virtio/balloon.go:228.18,230.3 1 0
github.com/gocracker/gocracker/internal/virtio/balloon.go:231.2,236.12 6 0
github.com/gocracker/gocracker/internal/virtio/balloon.go:239.62,243.2 3 0
github.com/gocracker/gocracker/internal/virtio/balloon.go:245.45,249.2 3 0
github.com/gocracker/gocracker/internal/virtio/balloon.go:251.46,260.2 8 1
github.com/gocracker/gocracker/internal/virtio/balloon.go:262.50,266.2 3 0
github.com/gocracker/gocracker/internal/virtio/balloon.go:268.59,272.19 4 1
github.com/gocracker/gocracker/internal/virtio/balloon.go:272.19,274.3 1 0
github.com/gocracker/gocracker/internal/virtio/balloon.go:275.2,276.26 2 1
github.com/gocracker/gocracker/internal/virtio/balloon.go:276.26,278.31 2 0
github.com/gocracker/gocracker/internal/virtio/balloon.go:278.31,280.4 1 0
github.com/gocracker/gocracker/internal/virtio/balloon.go:281.3,281.20 1 0
github.com/gocracker/gocracker/internal/virtio/balloon.go:284.2,289.52 2 1
github.com/gocracker/gocracker/internal/virtio/balloon.go:289.52,292.17 3 1
github.com/gocracker/gocracker/internal/virtio/balloon.go:292.17,296.4 3 0
github.com/gocracker/gocracker/internal/virtio/balloon.go:297.3,298.34 2 1
github.com/gocracker/gocracker/internal/virtio/balloon.go:300.2,300.16 1 1
github.com/gocracker/gocracker/internal/virtio/balloon.go:300.16,302.3 1 0
github.com/gocracker/gocracker/internal/virtio/balloon.go:303.2,303.26 1 1
github.com/gocracker/gocracker/internal/virtio/balloon.go:303.26,305.31 2 0
github.com/gocracker/gocracker/internal/virtio/balloon.go:305.31,307.4 1 0
github.com/gocracker/gocracker/internal/virtio/balloon.go:308.3,308.20 1 0
github.com/gocracker/gocracker/internal/virtio/balloon.go:310.2,310.20 1 1
github.com/gocracker/gocracker/internal/virtio/balloon.go:310.20,312.3 1 0
github.com/gocracker/gocracker/internal/virtio/balloon.go:313.2,315.19 3 1
github.com/gocracker/gocracker/internal/virtio/balloon.go:318.69,320.42 2 1
github.com/gocracker/gocracker/internal/virtio/balloon.go:320.42,323.17 3 1
github.com/gocracker/gocracker/internal/virtio/balloon.go:323.17,327.4 3 0
github.com/gocracker/gocracker/internal/virtio/balloon.go:328.3,328.30 1 1
github.com/gocracker/gocracker/internal/virtio/balloon.go:328.30,329.37 1 1
github.com/gocracker/gocracker/internal/virtio/balloon.go:329.37,330.13 1 0
github.com/gocracker/gocracker/internal/virtio/balloon.go:332.4,333.54 2 1
github.com/gocracker/gocracker/internal/virtio/balloon.go:333.54,335.10 2 0
github.com/gocracker/gocracker/internal/virtio/balloon.go:337.4,337.46 1 1
github.com/gocracker/gocracker/internal/virtio/balloon.go:337.46,339.16 2 1
github.com/gocracker/gocracker/internal/virtio/balloon.go:339.16,341.6 1 1
github.com/gocracker/gocracker/internal/virtio/balloon.go:341.11,343.6 1 1
github.com/gocracker/gocracker/internal/virtio/balloon.go:346.3,346.34 1 1
github.com/gocracker/gocracker/internal/virtio/balloon.go:347.17,349.3 1 0
github.com/gocracker/gocracker/internal/virtio/balloon.go:350.2,350.15 1 1
github.com/gocracker/gocracker/internal/virtio/balloon.go:350.15,352.3 1 1
github.com/gocracker/gocracker/internal/virtio/balloon.go:353.2,353.18 1 1
github.com/gocracker/gocracker/internal/virtio/balloon.go:356.48,358.44 2 1
github.com/gocracker/gocracker/internal/virtio/balloon.go:358.44,360.3 1 0
github.com/gocracker/gocracker/internal/virtio/balloon.go:362.2,363.24 2 1
github.com/gocracker/gocracker/internal/virtio/balloon.go:363.24,366.3 2 0
github.com/gocracker/gocracker/internal/virtio/balloon.go:367.2,374.30 7 1
github.com/gocracker/gocracker/internal/virtio/balloon.go:374.30,376.3 1 0
github.com/gocracker/gocracker/internal/virtio/balloon.go:377.2,377.18 1 1
github.com/gocracker/gocracker/internal/virtio/balloon.go:377.18,379.3 1 0
github.com/gocracker/gocracker/internal/virtio/balloon.go:380.2,380.75 1 1
github.com/gocracker/gocracker/internal/virtio/balloon.go:380.75,382.3 1 0
github.com/gocracker/gocracker/internal/virtio/balloon.go:385.48,387.44 2 1
github.com/gocracker/gocracker/internal/virtio/balloon.go:387.44,389.3 1 0
github.com/gocracker/gocracker/internal/virtio/balloon.go:390.2,392.25 3 1
github.com/gocracker/gocracker/internal/virtio/balloon.go:392.25,394.3 1 0
github.com/gocracker/gocracker/internal/virtio/balloon.go:395.2,396.23 2 1
github.com/gocracker/gocracker/internal/virtio/balloon.go:396.23,398.3 1 1
github.com/gocracker/gocracker/internal/virtio/balloon.go:399.2,399.24 1 1
github.com/gocracker/gocracker/internal/virtio/balloon.go:402.61,403.27 1 0
github.com/gocracker/gocracker/internal/virtio/balloon.go:403.27,405.3 1 0
github.com/gocracker/gocracker/internal/virtio/balloon.go:408.47,412.2 3 1
github.com/gocracker/gocracker/internal/virtio/balloon.go:414.46,419.32 5 1
github.com/gocracker/gocracker/internal/virtio/balloon.go:419.32,421.3 1 1
github.com/gocracker/gocracker/internal/virtio/balloon.go:424.87,426.29 2 1
github.com/gocracker/gocracker/internal/virtio/balloon.go:426.29,427.36 1 1
github.com/gocracker/gocracker/internal/virtio/balloon.go:427.36,428.12 1 0
github.com/gocracker/gocracker/internal/virtio/balloon.go:430.3,431.53 2 1
github.com/gocracker/gocracker/internal/virtio/balloon.go:431.53,433.4 1 0
github.com/gocracker/gocracker/internal/virtio/balloon.go:434.3,434.28 1 1
github.com/gocracker/gocracker/internal/virtio/balloon.go:436.2,436.38 1 1
github.com/gocracker/gocracker/internal/virtio/balloon.go:436.38,438.3 1 0
github.com/gocracker/gocracker/internal/virtio/balloon.go:439.2,440.84 2 1
github.com/gocracker/gocracker/internal/virtio/balloon.go:440.84,443.14 3 1
github.com/gocracker/gocracker/internal/virtio/balloon.go:444.26,445.22 1 0
github.com/gocracker/gocracker/internal/virtio/balloon.go:446.27,447.23 1 0
github.com/gocracker/gocracker/internal/virtio/balloon.go:448.31,449.27 1 0
github.com/gocracker/gocracker/internal/virtio/balloon.go:450.31,451.27 1 0
github.com/gocracker/gocracker/internal/virtio/balloon.go:452.30,453.26 1 0
github.com/gocracker/gocracker/internal/virtio/balloon.go:454.31,455.27 1 1
github.com/gocracker/gocracker/internal/virtio/balloon.go:456.35,457.31 1 1
github.com/gocracker/gocracker/internal/virtio/balloon.go:458.30,459.26 1 0
github.com/gocracker/gocracker/internal/virtio/balloon.go:460.38,461.29 1 0
github.com/gocracker/gocracker/internal/virtio/balloon.go:462.35,463.31 1 0
github.com/gocracker/gocracker/internal/virtio/balloon.go:464.27,465.23 1 1
github.com/gocracker/gocracker/internal/virtio/balloon.go:466.30,467.26 1 0
github.com/gocracker/gocracker/internal/virtio/balloon.go:468.29,469.25 1 0
github.com/gocracker/gocracker/internal/virtio/balloon.go:470.30,471.26 1 0
github.com/gocracker/gocracker/internal/virtio/balloon.go:472.32,473.28 1 0
github.com/gocracker/gocracker/internal/virtio/balloon.go:474.33,475.29 1 0
github.com/gocracker/gocracker/internal/virtio/balloon.go:478.2,483.19 5 1
github.com/gocracker/gocracker/internal/virtio/balloon.go:486.46,489.2 2 1
github.com/gocracker/gocracker/internal/virtio/balloon.go:491.38,492.9 1 0
github.com/gocracker/gocracker/internal/virtio/balloon.go:493.30,493.30 0 0
github.com/gocracker/gocracker/internal/virtio/balloon.go:494.10,494.10 0 0
github.com/gocracker/gocracker/internal/virtio/balloon.go:498.36,499.6 1 1
github.com/gocracker/gocracker/internal/virtio/balloon.go:499.6,501.20 2 1
github.com/gocracker/gocracker/internal/virtio/balloon.go:501.20,502.11 1 0
github.com/gocracker/gocracker/internal/virtio/balloon.go:503.20,504.11 1 0
github.com/gocracker/gocracker/internal/virtio/balloon.go:505.20,506.13 1 0
github.com/gocracker/gocracker/internal/virtio/balloon.go:510.3,511.10 2 1
github.com/gocracker/gocracker/internal/virtio/balloon.go:512.19,514.10 2 1
github.com/gocracker/gocracker/internal/virtio/balloon.go:515.19,516.21 1 0
github.com/gocracker/gocracker/internal/virtio/balloon.go:516.21,518.5 1 0
github.com/gocracker/gocracker/internal/virtio/balloon.go:519.4,519.12 1 0
github.com/gocracker/gocracker/internal/virtio/balloon.go:520.18,522.18 2 0
github.com/gocracker/gocracker/internal/virtio/balloon.go:522.18,524.5 1 0
github.com/gocracker/gocracker/internal/virtio/balloon.go:529.58,532.32 3 1
github.com/gocracker/gocracker/internal/virtio/balloon.go:532.32,534.3 1 1
github.com/gocracker/gocracker/internal/virtio/balloon.go:535.2,535.24 1 0
github.com/gocracker/gocracker/internal/virtio/balloon.go:535.24,537.3 1 0
github.com/gocracker/gocracker/internal/virtio/balloon.go:538.2,538.10 1 0
github.com/gocracker/gocracker/internal/virtio/balloon.go:541.69,543.25 2 0
github.com/gocracker/gocracker/internal/virtio/balloon.go:543.25,546.3 2 0
github.com/gocracker/gocracker/internal/virtio/balloon.go:547.2,553.58 6 0
github.com/gocracker/gocracker/internal/virtio/balloon.go:553.58,555.3 1 0
github.com/gocracker/gocracker/internal/virtio/balloon.go:557.2,558.23 2 0
github.com/gocracker/gocracker/internal/virtio/balloon.go:558.23,560.3 1 0
github.com/gocracker/gocracker/internal/virtio/balloon.go:561.2,566.9 5 0
github.com/gocracker/gocracker/internal/virtio/balloon.go:567.16,568.28 1 0
github.com/gocracker/gocracker/internal/virtio/balloon.go:568.28,570.4 1 0
github.com/gocracker/gocracker/internal/virtio/balloon.go:571.3,571.44 1 0
github.com/gocracker/gocracker/internal/virtio/balloon.go:571.44,573.4 1 0
github.com/gocracker/gocracker/internal/virtio/balloon.go:574.54,575.94 1 0
github.com/gocracker/gocracker/internal/virtio/balloon.go:576.10,577.9 1 0
github.com/gocracker/gocracker/internal/virtio/balloon.go:580.2,581.29 2 0
github.com/gocracker/gocracker/internal/virtio/balloon.go:581.29,583.3 1 0
github.com/gocracker/gocracker/internal/virtio/balloon.go:584.2,584.34 1 0
github.com/gocracker/gocracker/internal/virtio/balloon.go:584.34,586.3 1 0
github.com/gocracker/gocracker/internal/virtio/balloon.go:587.2,587.39 1 0
github.com/gocracker/gocracker/internal/virtio/balloon.go:587.39,589.3 1 0
github.com/gocracker/gocracker/internal/virtio/balloon.go:590.2,590.54 1 0
github.com/gocracker/gocracker/internal/virtio/balloon.go:590.54,592.3 1 0
github.com/gocracker/gocracker/internal/virtio/balloon.go:595.56,597.40 2 0
github.com/gocracker/gocracker/internal/virtio/balloon.go:597.40,598.16 1 0
github.com/gocracker/gocracker/internal/virtio/balloon.go:598.16,600.4 1 0
github.com/gocracker/gocracker/internal/virtio/balloon.go:602.2,602.12 1 0
github.com/gocracker/gocracker/internal/virtio/balloon.go:605.43,607.2 1 1
github.com/gocracker/gocracker/internal/virtio/balloon.go:609.45,611.2 1 1
github.com/gocracker/gocracker/internal/virtio/balloon.go:613.36,614.11 1 0
github.com/gocracker/gocracker/internal/virtio/balloon.go:614.11,616.3 1 0
github.com/gocracker/gocracker/internal/virtio/balloon.go:617.2,617.10 1 0
github.com/gocracker/gocracker/internal/virtio/blk.go:78.52,80.2 1 1
github.com/gocracker/gocracker/internal/virtio/blk.go:83.153,85.14 2 1
github.com/gocracker/gocracker/internal/virtio/blk.go:85.14,87.3 1 1
github.com/gocracker/gocracker/internal/virtio/blk.go:88.2,89.16 2 1
github.com/gocracker/gocracker/internal/virtio/blk.go:89.16,91.3 1 1
github.com/gocracker/gocracker/internal/virtio/blk.go:92.2,93.16 2 1
github.com/gocracker/gocracker/internal/virtio/blk.go:93.16,95.3 1 0
github.com/gocracker/gocracker/internal/virtio/blk.go:96.2,99.15 3 1
github.com/gocracker/gocracker/internal/virtio/blk.go:99.15,101.3 1 1
github.com/gocracker/gocracker/internal/virtio/blk.go:103.2,105.15 3 1
github.com/gocracker/gocracker/internal/virtio/blk.go:108.55,110.2 1 1
github.com/gocracker/gocracker/internal/virtio/blk.go:112.41,112.65 1 1
github.com/gocracker/gocracker/internal/virtio/blk.go:113.47,115.16 2 1
github.com/gocracker/gocracker/internal/virtio/blk.go:115.16,117.3 1 1
github.com/gocracker/gocracker/internal/virtio/blk.go:118.2,118.15 1 1
github.com/gocracker/gocracker/internal/virtio/blk.go:118.15,120.3 1 1
github.com/gocracker/gocracker/internal/virtio/blk.go:121.2,121.10 1 1
github.com/gocracker/gocracker/internal/virtio/blk.go:124.44,130.2 5 1
github.com/gocracker/gocracker/internal/virtio/blk.go:133.57,134.14 1 1
github.com/gocracker/gocracker/internal/virtio/blk.go:134.14,136.3 1 1
github.com/gocracker/gocracker/internal/virtio/blk.go:137.2,137.42 1 1
github.com/gocracker/gocracker/internal/virtio/blk.go:137.42,139.17 2 1
github.com/gocracker/gocracker/internal/virtio/blk.go:139.17,143.4 3 0
github.com/gocracker/gocracker/internal/virtio/blk.go:144.3,145.17 2 1
github.com/gocracker/gocracker/internal/virtio/blk.go:145.17,149.4 3 1
github.com/gocracker/gocracker/internal/virtio/blk.go:150.3,153.22 3 1
github.com/gocracker/gocracker/internal/virtio/blk.go:154.15,155.19 1 1
github.com/gocracker/gocracker/internal/virtio/blk.go:155.19,157.5 1 1
github.com/gocracker/gocracker/internal/virtio/blk.go:158.4,159.39 2 1
github.com/gocracker/gocracker/internal/virtio/blk.go:159.39,163.36 3 1
github.com/gocracker/gocracker/internal/virtio/blk.go:163.36,166.11 3 0
github.com/gocracker/gocracker/internal/virtio/blk.go:168.5,168.56 1 1
github.com/gocracker/gocracker/internal/virtio/blk.go:168.56,172.11 4 0
github.com/gocracker/gocracker/internal/virtio/blk.go:174.5,176.47 3 1
github.com/gocracker/gocracker/internal/virtio/blk.go:179.16,180.18 1 1
github.com/gocracker/gocracker/internal/virtio/blk.go:180.18,182.10 2 1
github.com/gocracker/gocracker/internal/virtio/blk.go:184.4,184.19 1 1
github.com/gocracker/gocracker/internal/virtio/blk.go:184.19,186.5 1 1
github.com/gocracker/gocracker/internal/virtio/blk.go:187.4,188.39 2 1
github.com/gocracker/gocracker/internal/virtio/blk.go:188.39,190.55 2 1
github.com/gocracker/gocracker/internal/virtio/blk.go:190.55,194.11 4 0
github.com/gocracker/gocracker/internal/virtio/blk.go:196.5,197.36 2 1
github.com/gocracker/gocracker/internal/virtio/blk.go:197.36,200.11 3 0
github.com/gocracker/gocracker/internal/virtio/blk.go:202.5,204.47 3 1
github.com/gocracker/gocracker/internal/virtio/blk.go:207.18,208.19 1 1
github.com/gocracker/gocracker/internal/virtio/blk.go:208.19,210.5 1 1
github.com/gocracker/gocracker/internal/virtio/blk.go:211.4,211.40 1 1
github.com/gocracker/gocracker/internal/virtio/blk.go:211.40,214.5 2 0
github.com/gocracker/gocracker/internal/virtio/blk.go:216.18,217.19 1 1
github.com/gocracker/gocracker/internal/virtio/blk.go:217.19,219.5 1 0
github.com/gocracker/gocracker/internal/virtio/blk.go:220.4,221.39 2 1
github.com/gocracker/gocracker/internal/virtio/blk.go:221.39,223.21 2 1
github.com/gocracker/gocracker/internal/virtio/blk.go:223.21,225.6 1 0
github.com/gocracker/gocracker/internal/virtio/blk.go:226.5,226.59 1 1
github.com/gocracker/gocracker/internal/virtio/blk.go:226.59,229.11 3 0
github.com/gocracker/gocracker/internal/virtio/blk.go:231.5,232.10 2 1
github.com/gocracker/gocracker/internal/virtio/blk.go:235.20,236.18 1 1
github.com/gocracker/gocracker/internal/virtio/blk.go:236.18,238.10 2 1
github.com/gocracker/gocracker/internal/virtio/blk.go:240.4,241.37 2 1
github.com/gocracker/gocracker/internal/virtio/blk.go:241.37,243.5 1 1
github.com/gocracker/gocracker/internal/virtio/blk.go:244.4,244.19 1 1
github.com/gocracker/gocracker/internal/virtio/blk.go:244.19,246.5 1 0
github.com/gocracker/gocracker/internal/virtio/blk.go:247.4,247.37 1 1
github.com/gocracker/gocracker/internal/virtio/blk.go:247.37,248.28 1 1
github.com/gocracker/gocracker/internal/virtio/blk.go:248.28,249.14 1 0
github.com/gocracker/gocracker/internal/virtio/blk.go:251.5,251.70 1 1
github.com/gocracker/gocracker/internal/virtio/blk.go:251.70,254.11 3 0
github.com/gocracker/gocracker/internal/virtio/blk.go:258.11,259.22 1 1
github.com/gocracker/gocracker/internal/virtio/blk.go:263.3,263.75 1 1
github.com/gocracker/gocracker/internal/virtio/blk.go:263.75,267.4 3 0
github.com/gocracker/gocracker/internal/virtio/blk.go:268.3,268.47 1 1
github.com/gocracker/gocracker/internal/virtio/blk.go:269.17,271.3 1 0
github.com/gocracker/gocracker/internal/virtio/blk.go:274.80,275.20 1 1
github.com/gocracker/gocracker/internal/virtio/blk.go:275.20,277.3 1 0
github.com/gocracker/gocracker/internal/virtio/blk.go:279.2,280.38 2 1
github.com/gocracker/gocracker/internal/virtio/blk.go:280.38,282.3 1 0
github.com/gocracker/gocracker/internal/virtio/blk.go:283.2,283.22 1 1
github.com/gocracker/gocracker/internal/virtio/blk.go:283.22,285.3 1 0
github.com/gocracker/gocracker/internal/virtio/blk.go:287.2,288.55 2 1
github.com/gocracker/gocracker/internal/virtio/blk.go:288.55,290.3 1 0
github.com/gocracker/gocracker/internal/virtio/blk.go:291.2,297.45 3 1
github.com/gocracker/gocracker/internal/virtio/blk.go:297.45,299.3 1 0
github.com/gocracker/gocracker/internal/virtio/blk.go:300.2,300.28 1 1
github.com/gocracker/gocracker/internal/virtio/blk.go:300.28,302.3 1 0
github.com/gocracker/gocracker/internal/virtio/blk.go:304.2,305.21 2 1
github.com/gocracker/gocracker/internal/virtio/blk.go:306.17,307.30 1 1
github.com/gocracker/gocracker/internal/virtio/blk.go:307.30,309.4 1 0
github.com/gocracker/gocracker/internal/virtio/blk.go:310.47,311.30 1 1
github.com/gocracker/gocracker/internal/virtio/blk.go:311.30,313.4 1 0
github.com/gocracker/gocracker/internal/virtio/blk.go:316.2,316.37 1 1
github.com/gocracker/gocracker/internal/virtio/blk.go:316.37,318.22 2 1
github.com/gocracker/gocracker/internal/virtio/blk.go:319.26,320.37 1 1
github.com/gocracker/gocracker/internal/virtio/blk.go:320.37,322.5 1 0
github.com/gocracker/gocracker/internal/virtio/blk.go:323.29,324.37 1 1
github.com/gocracker/gocracker/internal/virtio/blk.go:324.37,326.5 1 0
github.com/gocracker/gocracker/internal/virtio/blk.go:330.2,330.21 1 1
github.com/gocracker/gocracker/internal/virtio/blk.go:331.23,332.37 1 1
github.com/gocracker/gocracker/internal/virtio/blk.go:332.37,334.4 1 0
github.com/gocracker/gocracker/internal/virtio/blk.go:335.3,336.28 2 1
github.com/gocracker/gocracker/internal/virtio/blk.go:336.28,338.4 1 1
github.com/gocracker/gocracker/internal/virtio/blk.go:339.17,340.31 1 1
github.com/gocracker/gocracker/internal/virtio/blk.go:340.31,342.4 1 0
github.com/gocracker/gocracker/internal/virtio/blk.go:343.19,344.46 1 1
github.com/gocracker/gocracker/internal/virtio/blk.go:344.46,346.4 1 1
github.com/gocracker/gocracker/internal/virtio/blk.go:347.3,348.17 2 1
github.com/gocracker/gocracker/internal/virtio/blk.go:348.17,350.4 1 0
github.com/gocracker/gocracker/internal/virtio/blk.go:351.3,351.26 1 1
github.com/gocracker/gocracker/internal/virtio/blk.go:354.2,354.17 1 1
github.com/gocracker/gocracker/internal/virtio/blk.go:357.113,358.19 1 1
github.com/gocracker/gocracker/internal/virtio/blk.go:358.19,360.3 1 0
github.com/gocracker/gocracker/internal/virtio/blk.go:361.2,363.29 3 1
github.com/gocracker/gocracker/internal/virtio/blk.go:363.29,364.77 1 1
github.com/gocracker/gocracker/internal/virtio/blk.go:364.77,366.4 1 0
github.com/gocracker/gocracker/internal/virtio/blk.go:367.3,367.21 1 1
github.com/gocracker/gocracker/internal/virtio/blk.go:369.2,370.70 2 1
github.com/gocracker/gocracker/internal/virtio/blk.go:370.70,377.21 3 1
github.com/gocracker/gocracker/internal/virtio/blk.go:377.21,379.4 1 0
github.com/gocracker/gocracker/internal/virtio/blk.go:380.3,380.26 1 1
github.com/gocracker/gocracker/internal/virtio/blk.go:380.26,382.12 2 0
github.com/gocracker/gocracker/internal/virtio/blk.go:384.3,385.54 2 1
github.com/gocracker/gocracker/internal/virtio/blk.go:385.54,387.4 1 0
github.com/gocracker/gocracker/internal/virtio/blk.go:388.3,388.35 1 1
github.com/gocracker/gocracker/internal/virtio/blk.go:390.2,390.22 1 1
github.com/gocracker/gocracker/internal/virtio/blk.go:393.76,394.21 1 1
github.com/gocracker/gocracker/internal/virtio/blk.go:394.21,396.3 1 0
github.com/gocracker/gocracker/internal/virtio/blk.go:397.2,399.65 3 1
github.com/gocracker/gocracker/internal/virtio/blk.go:399.65,401.3 1 0
github.com/gocracker/gocracker/internal/virtio/blk.go:402.2,402.20 1 1
github.com/gocracker/gocracker/internal/virtio/blk.go:402.20,404.3 1 1
github.com/gocracker/gocracker/internal/virtio/blk.go:405.2,405.12 1 1
github.com/gocracker/gocracker/internal/virtio/blk.go:408.50,411.16 3 1
github.com/gocracker/gocracker/internal/virtio/blk.go:411.16,413.3 1 0
github.com/gocracker/gocracker/internal/virtio/blk.go:414.2,419.26 5 1
github.com/gocracker/gocracker/internal/virtio/blk.go:419.26,421.3 1 1
github.com/gocracker/gocracker/internal/virtio/blk.go:422.2,422.50 1 1
github.com/gocracker/gocracker/internal/virtio/blk.go:422.50,424.3 1 0
github.com/gocracker/gocracker/internal/virtio/blk.go:425.2,425.33 1 1
github.com/gocracker/gocracker/internal/virtio/blk.go:425.33,427.3 1 0
github.com/gocracker/gocracker/internal/virtio/blk.go:428.2,428.65 1 1
github.com/gocracker/gocracker/internal/virtio/blk.go:428.65,430.3 1 0
github.com/gocracker/gocracker/internal/virtio/blk.go:431.2,431.13 1 1
github.com/gocracker/gocracker/internal/virtio/blk.go:435.37,437.2 1 1
github.com/gocracker/gocracker/internal/virtio/blk.go:440.47,441.16 1 0
github.com/gocracker/gocracker/internal/virtio/blk.go:441.16,443.3 1 0
github.com/gocracker/gocracker/internal/virtio/blk.go:444.2,444.22 1 0
github.com/gocracker/gocracker/internal/virtio/blk.go:447.36,448.20 1 0
github.com/gocracker/gocracker/internal/virtio/blk.go:448.20,450.3 1 0
github.com/gocracker/gocracker/internal/virtio/blk.go:453.54,454.20 1 0
github.com/gocracker/gocracker/internal/virtio/blk.go:454.20,456.3 1 0
github.com/gocracker/gocracker/internal/virtio/blk.go:457.2,457.35 1 0
github.com/gocracker/gocracker/internal/virtio/blk.go:460.46,461.20 1 0
github.com/gocracker/gocracker/internal/virtio/blk.go:461.20,463.3 1 0
github.com/gocracker/gocracker/internal/virtio/blk.go:464.2,464.27 1 0
github.com/gocracker/gocracker/internal/virtio/blk.go:467.42,469.2 1 0
github.com/gocracker/gocracker/internal/virtio/blk.go:471.64,473.2 1 0
github.com/gocracker/gocracker/internal/virtio/blk.go:476.39,478.2 1 1
github.com/gocracker/gocracker/internal/virtio/blk.go:482.25,482.62 2 1
github.com/gocracker/gocracker/internal/virtio/blk.go:483.25,483.63 2 1
github.com/gocracker/gocracker/internal/virtio/blk.go:484.25,484.63 2 0
github.com/gocracker/gocracker/internal/virtio/blk.go:485.25,485.63 2 0
github.com/gocracker/gocracker/internal/virtio/blk.go:488.35,489.14 1 1
github.com/gocracker/gocracker/internal/virtio/blk.go:489.14,491.3 1 1
github.com/gocracker/gocracker/internal/virtio/blk.go:492.2,492.15 1 1
github.com/gocracker/gocracker/internal/virtio/blk.go:492.15,494.3 1 1
github.com/gocracker/gocracker/internal/virtio/blk.go:495.2,495.15 1 0
github.com/gocracker/gocracker/internal/virtio/blk.go:495.15,497.3 1 0
github.com/gocracker/gocracker/internal/virtio/blk.go:498.2,498.15 1 0
github.com/gocracker/gocracker/internal/virtio/blk.go:498.15,500.3 1 0
github.com/gocracker/gocracker/internal/virtio/blk.go:501.2,501.10 1 0
github.com/gocracker/gocracker/internal/virtio/blk.go:504.36,507.9 3 1
github.com/gocracker/gocracker/internal/virtio/blk.go:507.9,509.3 1 0
github.com/gocracker/gocracker/internal/virtio/blk.go:510.2,511.19 2 1
github.com/gocracker/gocracker/internal/virtio/blk.go:514.29,516.33 2 1
github.com/gocracker/gocracker/internal/virtio/blk.go:516.33,518.3 1 1
github.com/gocracker/gocracker/internal/virtio/dirty.go:17.52,26.2 4 1
github.com/gocracker/gocracker/internal/virtio/dirty.go:28.50,29.50 1 1
github.com/gocracker/gocracker/internal/virtio/dirty.go:29.50,31.3 1 0
github.com/gocracker/gocracker/internal/virtio/dirty.go:32.2,33.35 2 1
github.com/gocracker/gocracker/internal/virtio/dirty.go:33.35,35.3 1 0
github.com/gocracker/gocracker/internal/virtio/dirty.go:36.2,41.49 5 1
github.com/gocracker/gocracker/internal/virtio/dirty.go:41.49,45.3 3 1
github.com/gocracker/gocracker/internal/virtio/dirty.go:48.52,49.14 1 0
github.com/gocracker/gocracker/internal/virtio/dirty.go:49.14,51.3 1 0
github.com/gocracker/gocracker/internal/virtio/dirty.go:52.2,57.12 6 0
github.com/gocracker/gocracker/internal/virtio/dirty.go:60.32,61.14 1 0
github.com/gocracker/gocracker/internal/virtio/dirty.go:61.14,63.3 1 0
github.com/gocracker/gocracker/internal/virtio/dirty.go:64.2,66.15 3 0
github.com/gocracker/gocracker/internal/virtio/dirty.go:69.42,70.14 1 0
github.com/gocracker/gocracker/internal/virtio/dirty.go:70.14,72.3 1 0
github.com/gocracker/gocracker/internal/virtio/dirty.go:73.2,73.19 1 0
github.com/gocracker/gocracker/internal/virtio/fs.go:48.164,49.15 1 0
github.com/gocracker/gocracker/internal/virtio/fs.go:49.15,51.3 1 0
github.com/gocracker/gocracker/internal/virtio/fs.go:52.2,52.27 1 0
github.com/gocracker/gocracker/internal/virtio/fs.go:52.27,54.3 1 0
github.com/gocracker/gocracker/internal/virtio/fs.go:56.2,57.26 2 0
github.com/gocracker/gocracker/internal/virtio/fs.go:57.26,59.3 1 0
github.com/gocracker/gocracker/internal/virtio/fs.go:59.8,62.17 3 0
github.com/gocracker/gocracker/internal/virtio/fs.go:62.17,64.4 1 0
github.com/gocracker/gocracker/internal/virtio/fs.go:66.2,67.16 2 0
github.com/gocracker/gocracker/internal/virtio/fs.go:67.16,70.3 2 0
github.com/gocracker/gocracker/internal/virtio/fs.go:71.2,71.42 1 0
github.com/gocracker/gocracker/internal/virtio/fs.go:71.42,75.3 3 0
github.com/gocracker/gocracker/internal/virtio/fs.go:76.2,77.16 2 0
github.com/gocracker/gocracker/internal/virtio/fs.go:77.16,81.3 3 0
github.com/gocracker/gocracker/internal/virtio/fs.go:82.2,83.68 2 0
github.com/gocracker/gocracker/internal/virtio/fs.go:83.68,85.17 2 0
github.com/gocracker/gocracker/internal/virtio/fs.go:85.17,89.4 3 0
github.com/gocracker/gocracker/internal/virtio/fs.go:92.2,106.15 6 0
github.com/gocracker/gocracker/internal/virtio/fs.go:109.44,109.65 1 0
github.com/gocracker/gocracker/internal/virtio/fs.go:110.44,110.72 1 0
github.com/gocracker/gocracker/internal/virtio/fs.go:111.44,111.84 1 0
github.com/gocracker/gocracker/internal/virtio/fs.go:113.55,113.56 0 0
github.com/gocracker/gocracker/internal/virtio/fs.go:115.65,118.2 2 0
github.com/gocracker/gocracker/internal/virtio/fs.go:120.57,123.43 3 0
github.com/gocracker/gocracker/internal/virtio/fs.go:123.43,125.3 1 0
github.com/gocracker/gocracker/internal/virtio/fs.go:126.2,126.32 1 0
github.com/gocracker/gocracker/internal/virtio/fs.go:126.32,128.3 1 0
github.com/gocracker/gocracker/internal/virtio/fs.go:129.2,129.44 1 0
github.com/gocracker/gocracker/internal/virtio/fs.go:129.44,133.3 3 0
github.com/gocracker/gocracker/internal/virtio/fs.go:136.51,146.2 9 0
github.com/gocracker/gocracker/internal/virtio/fs.go:148.48,151.43 3 0
github.com/gocracker/gocracker/internal/virtio/fs.go:151.43,153.3 1 0
github.com/gocracker/gocracker/internal/virtio/fs.go:154.2,154.42 1 0
github.com/gocracker/gocracker/internal/virtio/fs.go:154.42,156.3 1 0
github.com/gocracker/gocracker/internal/virtio/fs.go:157.2,157.54 1 0
github.com/gocracker/gocracker/internal/virtio/fs.go:157.54,160.3 2 0
github.com/gocracker/gocracker/internal/virtio/fs.go:161.2,161.12 1 0
github.com/gocracker/gocracker/internal/virtio/fs.go:164.34,170.21 6 0
github.com/gocracker/gocracker/internal/virtio/fs.go:170.21,171.66 1 0
github.com/gocracker/gocracker/internal/virtio/fs.go:171.66,173.4 1 0
github.com/gocracker/gocracker/internal/virtio/fs.go:174.3,174.17 1 0
github.com/gocracker/gocracker/internal/virtio/fs.go:176.2,176.22 1 0
github.com/gocracker/gocracker/internal/virtio/fs.go:176.22,177.67 1 0
github.com/gocracker/gocracker/internal/virtio/fs.go:177.67,179.4 1 0
github.com/gocracker/gocracker/internal/virtio/fs.go:180.3,180.18 1 0
github.com/gocracker/gocracker/internal/virtio/fs.go:182.2,182.12 1 0
github.com/gocracker/gocracker/internal/virtio/fs.go:185.60,186.14 1 0
github.com/gocracker/gocracker/internal/virtio/fs.go:186.14,188.3 1 0
github.com/gocracker/gocracker/internal/virtio/fs.go:189.2,190.47 2 0
github.com/gocracker/gocracker/internal/virtio/fs.go:190.47,192.3 1 0
github.com/gocracker/gocracker/internal/virtio/fs.go:193.2,193.36 1 0
github.com/gocracker/gocracker/internal/virtio/fs.go:193.36,195.103 2 0
github.com/gocracker/gocracker/internal/virtio/fs.go:195.103,197.4 1 0
github.com/gocracker/gocracker/internal/virtio/fs.go:199.2,199.13 1 0
github.com/gocracker/gocracker/internal/virtio/fs.go:202.55,203.21 1 0
github.com/gocracker/gocracker/internal/virtio/fs.go:203.21,205.3 1 0
github.com/gocracker/gocracker/internal/virtio/fs.go:206.2,206.17 1 0
github.com/gocracker/gocracker/internal/virtio/fs.go:206.17,208.3 1 0
github.com/gocracker/gocracker/internal/virtio/fs.go:210.2,211.73 2 0
github.com/gocracker/gocracker/internal/virtio/fs.go:211.73,213.71 2 0
github.com/gocracker/gocracker/internal/virtio/fs.go:213.71,215.4 1 0
github.com/gocracker/gocracker/internal/virtio/fs.go:216.3,216.55 1 0
github.com/gocracker/gocracker/internal/virtio/fs.go:216.55,218.18 2 0
github.com/gocracker/gocracker/internal/virtio/fs.go:218.18,220.5 1 0
github.com/gocracker/gocracker/internal/virtio/fs.go:221.4,221.31 1 0
github.com/gocracker/gocracker/internal/virtio/fs.go:221.31,223.5 1 0
github.com/gocracker/gocracker/internal/virtio/fs.go:226.2,226.60 1 0
github.com/gocracker/gocracker/internal/virtio/fs.go:226.60,228.3 1 0
github.com/gocracker/gocracker/internal/virtio/fs.go:229.2,230.19 2 0
github.com/gocracker/gocracker/internal/virtio/fs.go:230.19,232.3 1 0
github.com/gocracker/gocracker/internal/virtio/fs.go:233.2,239.62 2 0
github.com/gocracker/gocracker/internal/virtio/fs.go:239.62,241.3 1 0
github.com/gocracker/gocracker/internal/virtio/fs.go:242.2,242.49 1 0
github.com/gocracker/gocracker/internal/virtio/fs.go:242.49,244.3 1 0
github.com/gocracker/gocracker/internal/virtio/fs.go:245.2,245.36 1 0
github.com/gocracker/gocracker/internal/virtio/fs.go:245.36,247.65 2 0
github.com/gocracker/gocracker/internal/virtio/fs.go:247.65,249.4 1 0
github.com/gocracker/gocracker/internal/virtio/fs.go:250.3,255.56 2 0
github.com/gocracker/gocracker/internal/virtio/fs.go:255.56,257.4 1 0
github.com/gocracker/gocracker/internal/virtio/fs.go:258.3,258.63 1 0
github.com/gocracker/gocracker/internal/virtio/fs.go:258.63,260.4 1 0
github.com/gocracker/gocracker/internal/virtio/fs.go:261.3,261.64 1 0
github.com/gocracker/gocracker/internal/virtio/fs.go:261.64,263.4 1 0
github.com/gocracker/gocracker/internal/virtio/fs.go:264.3,264.64 1 0
github.com/gocracker/gocracker/internal/virtio/fs.go:264.64,266.4 1 0
github.com/gocracker/gocracker/internal/virtio/fs.go:267.3,267.74 1 0
github.com/gocracker/gocracker/internal/virtio/fs.go:267.74,268.59 1 0
github.com/gocracker/gocracker/internal/virtio/fs.go:268.59,270.5 1 0
github.com/gocracker/gocracker/internal/virtio/fs.go:273.2,275.12 3 0
github.com/gocracker/gocracker/internal/virtio/fs.go:278.49,279.70 1 0
github.com/gocracker/gocracker/internal/virtio/fs.go:279.70,281.3 1 0
github.com/gocracker/gocracker/internal/virtio/fs.go:282.2,284.21 3 0
github.com/gocracker/gocracker/internal/virtio/fs.go:284.21,287.3 2 0
github.com/gocracker/gocracker/internal/virtio/fs.go:288.2,288.37 1 0
github.com/gocracker/gocracker/internal/virtio/fs.go:288.37,290.17 2 0
github.com/gocracker/gocracker/internal/virtio/fs.go:290.17,293.4 2 0
github.com/gocracker/gocracker/internal/virtio/fs.go:294.3,294.38 1 0
github.com/gocracker/gocracker/internal/virtio/fs.go:296.2,296.37 1 0
github.com/gocracker/gocracker/internal/virtio/fs.go:296.37,298.17 2 0
github.com/gocracker/gocracker/internal/virtio/fs.go:298.17,301.4 2 0
github.com/gocracker/gocracker/internal/virtio/fs.go:302.3,302.38 1 0
github.com/gocracker/gocracker/internal/virtio/fs.go:304.2,306.12 3 0
github.com/gocracker/gocracker/internal/virtio/fs.go:309.43,310.23 1 0
github.com/gocracker/gocracker/internal/virtio/fs.go:310.23,312.3 1 0
github.com/gocracker/gocracker/internal/virtio/fs.go:313.2,314.27 2 0
github.com/gocracker/gocracker/internal/virtio/fs.go:314.27,317.3 2 0
github.com/gocracker/gocracker/internal/virtio/fs.go:320.37,322.6 2 0
github.com/gocracker/gocracker/internal/virtio/fs.go:322.6,324.17 2 0
github.com/gocracker/gocracker/internal/virtio/fs.go:324.17,327.12 3 0
github.com/gocracker/gocracker/internal/virtio/fs.go:329.3,329.46 1 0
github.com/gocracker/gocracker/internal/virtio/fs.go:329.46,330.12 1 0
github.com/gocracker/gocracker/internal/virtio/fs.go:332.3,332.9 1 0
github.com/gocracker/gocracker/internal/virtio/fs.go:336.40,339.54 3 0
github.com/gocracker/gocracker/internal/virtio/fs.go:339.54,341.3 1 0
github.com/gocracker/gocracker/internal/virtio/fs.go:342.2,344.43 3 0
github.com/gocracker/gocracker/internal/virtio/fs.go:347.52,349.2 1 0
github.com/gocracker/gocracker/internal/virtio/net.go:56.154,63.16 5 0
github.com/gocracker/gocracker/internal/virtio/net.go:63.16,65.3 1 0
github.com/gocracker/gocracker/internal/virtio/net.go:66.2,72.15 5 0
github.com/gocracker/gocracker/internal/virtio/net.go:75.53,77.2 1 1
github.com/gocracker/gocracker/internal/virtio/net.go:83.36,85.2 1 0
github.com/gocracker/gocracker/internal/virtio/net.go:87.39,87.61 1 0
github.com/gocracker/gocracker/internal/virtio/net.go:88.45,90.2 1 0
github.com/gocracker/gocracker/internal/virtio/net.go:91.42,96.2 4 0
github.com/gocracker/gocracker/internal/virtio/net.go:98.35,100.20 2 1
github.com/gocracker/gocracker/internal/virtio/net.go:100.20,101.98 1 1
github.com/gocracker/gocracker/internal/virtio/net.go:101.98,103.4 1 0
github.com/gocracker/gocracker/internal/virtio/net.go:104.3,104.16 1 1
github.com/gocracker/gocracker/internal/virtio/net.go:106.2,106.21 1 1
github.com/gocracker/gocracker/internal/virtio/net.go:106.21,108.10 2 1
github.com/gocracker/gocracker/internal/virtio/net.go:109.19,110.48 1 0
github.com/gocracker/gocracker/internal/virtio/net.go:110.48,112.5 1 0
github.com/gocracker/gocracker/internal/virtio/net.go:113.57,114.36 1 0
github.com/gocracker/gocracker/internal/virtio/net.go:117.2,117.19 1 1
github.com/gocracker/gocracker/internal/virtio/net.go:117.19,119.3 1 0
github.com/gocracker/gocracker/internal/virtio/net.go:120.2,120.12 1 1
github.com/gocracker/gocracker/internal/virtio/net.go:125.55,126.14 1 0
github.com/gocracker/gocracker/internal/virtio/net.go:126.14,128.3 1 0
github.com/gocracker/gocracker/internal/virtio/net.go:133.40,134.42 1 1
github.com/gocracker/gocracker/internal/virtio/net.go:134.42,136.17 2 1
github.com/gocracker/gocracker/internal/virtio/net.go:136.17,140.4 3 0
github.com/gocracker/gocracker/internal/virtio/net.go:141.3,142.30 2 1
github.com/gocracker/gocracker/internal/virtio/net.go:142.30,144.54 2 1
github.com/gocracker/gocracker/internal/virtio/net.go:144.54,148.5 3 0
github.com/gocracker/gocracker/internal/virtio/net.go:149.4,149.29 1 1
github.com/gocracker/gocracker/internal/virtio/net.go:151.3,151.18 1 1
github.com/gocracker/gocracker/internal/virtio/net.go:151.18,153.4 1 1
github.com/gocracker/gocracker/internal/virtio/net.go:154.3,155.34 2 1
github.com/gocracker/gocracker/internal/virtio/net.go:156.17,158.3 1 0
github.com/gocracker/gocracker/internal/virtio/net.go:164.30,167.6 3 1
github.com/gocracker/gocracker/internal/virtio/net.go:167.6,169.17 2 1
github.com/gocracker/gocracker/internal/virtio/net.go:169.17,170.31 1 1
github.com/gocracker/gocracker/internal/virtio/net.go:170.31,172.5 1 1
github.com/gocracker/gocracker/internal/virtio/net.go:173.4,173.36 1 1
github.com/gocracker/gocracker/internal/virtio/net.go:173.36,174.35 1 1
github.com/gocracker/gocracker/internal/virtio/net.go:174.35,176.6 1 0
github.com/gocracker/gocracker/internal/virtio/net.go:177.5,177.13 1 1
github.com/gocracker/gocracker/internal/virtio/net.go:179.4,179.10 1 0
github.com/gocracker/gocracker/internal/virtio/net.go:181.3,181.23 1 1
github.com/gocracker/gocracker/internal/virtio/net.go:181.23,182.12 1 0
github.com/gocracker/gocracker/internal/virtio/net.go:184.3,187.13 4 1
github.com/gocracker/gocracker/internal/virtio/net.go:187.13,188.12 1 0
github.com/gocracker/gocracker/internal/virtio/net.go:190.3,190.52 1 1
github.com/gocracker/gocracker/internal/virtio/net.go:190.52,194.4 3 1
github.com/gocracker/gocracker/internal/virtio/net.go:198.64,200.43 2 1
github.com/gocracker/gocracker/internal/virtio/net.go:200.43,202.3 1 0
github.com/gocracker/gocracker/internal/virtio/net.go:203.2,203.17 1 1
github.com/gocracker/gocracker/internal/virtio/net.go:203.17,205.3 1 1
github.com/gocracker/gocracker/internal/virtio/net.go:207.2,210.16 3 1
github.com/gocracker/gocracker/internal/virtio/net.go:210.16,214.3 3 0
github.com/gocracker/gocracker/internal/virtio/net.go:215.2,215.32 1 1
github.com/gocracker/gocracker/internal/virtio/net.go:215.32,218.3 2 0
github.com/gocracker/gocracker/internal/virtio/net.go:219.2,225.16 5 1
github.com/gocracker/gocracker/internal/virtio/net.go:225.16,228.3 2 0
github.com/gocracker/gocracker/internal/virtio/net.go:229.2,229.21 1 1
github.com/gocracker/gocracker/internal/virtio/net.go:229.21,231.3 1 0
github.com/gocracker/gocracker/internal/virtio/net.go:233.2,233.30 1 1
github.com/gocracker/gocracker/internal/virtio/net.go:233.30,238.3 1 1
github.com/gocracker/gocracker/internal/virtio/net.go:239.2,240.29 2 1
github.com/gocracker/gocracker/internal/virtio/net.go:240.29,241.36 1 1
github.com/gocracker/gocracker/internal/virtio/net.go:241.36,242.12 1 0
github.com/gocracker/gocracker/internal/virtio/net.go:244.3,245.20 2 1
github.com/gocracker/gocracker/internal/virtio/net.go:245.20,247.4 1 0
github.com/gocracker/gocracker/internal/virtio/net.go:248.3,248.61 1 1
github.com/gocracker/gocracker/internal/virtio/net.go:248.61,251.4 2 0
github.com/gocracker/gocracker/internal/virtio/net.go:252.3,254.20 3 1
github.com/gocracker/gocracker/internal/virtio/net.go:254.20,255.9 1 1
github.com/gocracker/gocracker/internal/virtio/net.go:258.2,259.22 2 1
github.com/gocracker/gocracker/internal/virtio/net.go:264.52,265.6 1 0
github.com/gocracker/gocracker/internal/virtio/net.go:265.6,267.10 2 0
github.com/gocracker/gocracker/internal/virtio/net.go:268.19,269.17 1 0
github.com/gocracker/gocracker/internal/virtio/net.go:270.29,271.12 1 0
github.com/gocracker/gocracker/internal/virtio/net.go:272.11,273.17 1 0
github.com/gocracker/gocracker/internal/virtio/net.go:278.46,279.19 1 1
github.com/gocracker/gocracker/internal/virtio/net.go:279.19,281.10 2 1
github.com/gocracker/gocracker/internal/virtio/net.go:282.19,283.17 1 1
github.com/gocracker/gocracker/internal/virtio/net.go:284.29,285.12 1 0
github.com/gocracker/gocracker/internal/virtio/net.go:286.11,287.14 1 0
github.com/gocracker/gocracker/internal/virtio/net.go:290.2,290.12 1 1
github.com/gocracker/gocracker/internal/virtio/net.go:293.41,295.2 1 1
github.com/gocracker/gocracker/internal/virtio/net.go:297.46,299.2 1 1
github.com/gocracker/gocracker/internal/virtio/net.go:316.45,318.16 2 0
github.com/gocracker/gocracker/internal/virtio/net.go:318.16,320.3 1 0
github.com/gocracker/gocracker/internal/virtio/net.go:321.2,324.65 3 0
github.com/gocracker/gocracker/internal/virtio/net.go:324.65,327.3 2 0
github.com/gocracker/gocracker/internal/virtio/net.go:328.2,330.72 2 0
github.com/gocracker/gocracker/internal/virtio/net.go:330.72,333.3 2 0
github.com/gocracker/gocracker/internal/virtio/net.go:334.2,334.15 1 0
github.com/gocracker/gocracker/internal/virtio/rate_limiter.go:39.57,44.2 1 1
github.com/gocracker/gocracker/internal/virtio/rate_limiter.go:47.38,49.2 1 1
github.com/gocracker/gocracker/internal/virtio/rate_limiter.go:53.47,54.30 1 1
github.com/gocracker/gocracker/internal/virtio/rate_limiter.go:54.30,56.3 1 0
github.com/gocracker/gocracker/internal/virtio/rate_limiter.go:58.2,62.61 4 1
github.com/gocracker/gocracker/internal/virtio/rate_limiter.go:62.61,64.66 2 1
github.com/gocracker/gocracker/internal/virtio/rate_limiter.go:64.66,66.4 1 0
github.com/gocracker/gocracker/internal/virtio/rate_limiter.go:67.3,68.17 2 1
github.com/gocracker/gocracker/internal/virtio/rate_limiter.go:68.17,70.4 1 1
github.com/gocracker/gocracker/internal/virtio/rate_limiter.go:72.3,72.56 1 1
github.com/gocracker/gocracker/internal/virtio/rate_limiter.go:72.56,74.12 2 1
github.com/gocracker/gocracker/internal/virtio/rate_limiter.go:77.3,77.21 1 1
github.com/gocracker/gocracker/internal/virtio/rate_limiter.go:77.21,79.4 1 1
github.com/gocracker/gocracker/internal/virtio/rate_limiter.go:80.3,80.17 1 1
github.com/gocracker/gocracker/internal/virtio/rate_limiter.go:80.17,83.4 2 1
github.com/gocracker/gocracker/internal/virtio/rate_limiter.go:87.64,97.33 8 1
github.com/gocracker/gocracker/internal/virtio/rate_limiter.go:97.33,101.3 3 1
github.com/gocracker/gocracker/internal/virtio/rate_limiter.go:102.2,102.22 1 1
github.com/gocracker/gocracker/internal/virtio/rate_limiter.go:102.22,104.3 1 1
github.com/gocracker/gocracker/internal/virtio/rate_limiter.go:105.2,105.16 1 1
github.com/gocracker/gocracker/internal/virtio/rate_limiter.go:108.43,110.2 1 1
github.com/gocracker/gocracker/internal/virtio/rate_limiter.go:112.50,113.18 1 1
github.com/gocracker/gocracker/internal/virtio/rate_limiter.go:113.18,115.3 1 1
github.com/gocracker/gocracker/internal/virtio/rate_limiter.go:116.2,116.21 1 1
github.com/gocracker/gocracker/internal/virtio/rate_limiter.go:116.21,118.20 2 1
github.com/gocracker/gocracker/internal/virtio/rate_limiter.go:118.20,120.4 1 1
github.com/gocracker/gocracker/internal/virtio/rate_limiter.go:121.3,121.9 1 1
github.com/gocracker/gocracker/internal/virtio/rate_limiter.go:123.2,124.18 2 1
github.com/gocracker/gocracker/internal/virtio/rate_limiter.go:124.18,126.3 1 0
github.com/gocracker/gocracker/internal/virtio/rate_limiter.go:127.2,129.25 3 1
github.com/gocracker/gocracker/internal/virtio/rate_limiter.go:129.25,131.3 1 1
github.com/gocracker/gocracker/internal/virtio/rate_limiter.go:132.2,132.14 1 1
github.com/gocracker/gocracker/internal/virtio/rate_limiter.go:135.65,136.33 1 1
github.com/gocracker/gocracker/internal/virtio/rate_limiter.go:136.33,138.3 1 1
github.com/gocracker/gocracker/internal/virtio/rate_limiter.go:139.2,139.33 1 1
github.com/gocracker/gocracker/internal/virtio/rate_limiter.go:139.33,141.3 1 1
github.com/gocracker/gocracker/internal/virtio/rate_limiter.go:142.2,143.81 2 1
github.com/gocracker/gocracker/internal/virtio/rate_limiter.go:146.51,147.33 1 1
github.com/gocracker/gocracker/internal/virtio/rate_limiter.go:147.33,149.3 1 1
github.com/gocracker/gocracker/internal/virtio/rate_limiter.go:150.2,150.33 1 1
github.com/gocracker/gocracker/internal/virtio/rate_limiter.go:150.33,153.3 2 1
github.com/gocracker/gocracker/internal/virtio/rate_limiter.go:154.2,154.14 1 0
github.com/gocracker/gocracker/internal/virtio/rng.go:20.107,24.2 3 1
github.com/gocracker/gocracker/internal/virtio/rng.go:26.53,28.2 1 1
github.com/gocracker/gocracker/internal/virtio/rng.go:30.45,30.67 1 0
github.com/gocracker/gocracker/internal/virtio/rng.go:31.45,31.57 1 0
github.com/gocracker/gocracker/internal/virtio/rng.go:32.45,32.59 1 0
github.com/gocracker/gocracker/internal/virtio/rng.go:35.55,36.14 1 1
github.com/gocracker/gocracker/internal/virtio/rng.go:36.14,38.3 1 0
github.com/gocracker/gocracker/internal/virtio/rng.go:39.2,39.42 1 1
github.com/gocracker/gocracker/internal/virtio/rng.go:39.42,41.17 2 1
github.com/gocracker/gocracker/internal/virtio/rng.go:41.17,45.4 3 0
github.com/gocracker/gocracker/internal/virtio/rng.go:46.3,47.30 2 1
github.com/gocracker/gocracker/internal/virtio/rng.go:47.30,48.37 1 1
github.com/gocracker/gocracker/internal/virtio/rng.go:48.37,49.13 1 0
github.com/gocracker/gocracker/internal/virtio/rng.go:51.4,51.21 1 1
github.com/gocracker/gocracker/internal/virtio/rng.go:53.3,53.18 1 1
github.com/gocracker/gocracker/internal/virtio/rng.go:53.18,55.4 1 1
github.com/gocracker/gocracker/internal/virtio/rng.go:56.3,57.30 2 1
github.com/gocracker/gocracker/internal/virtio/rng.go:57.30,58.37 1 1
github.com/gocracker/gocracker/internal/virtio/rng.go:58.37,59.13 1 0
github.com/gocracker/gocracker/internal/virtio/rng.go:61.4,62.44 2 1
github.com/gocracker/gocracker/internal/virtio/rng.go:62.44,64.10 2 0
github.com/gocracker/gocracker/internal/virtio/rng.go:66.4,66.55 1 1
github.com/gocracker/gocracker/internal/virtio/rng.go:66.55,68.10 2 0
github.com/gocracker/gocracker/internal/virtio/rng.go:70.4,70.23 1 1
github.com/gocracker/gocracker/internal/virtio/rng.go:72.3,72.40 1 1
github.com/gocracker/gocracker/internal/virtio/rng.go:73.17,75.3 1 0
github.com/gocracker/gocracker/internal/virtio/virtio.go:119.68,121.2 1 1
github.com/gocracker/gocracker/internal/virtio/virtio.go:125.47,125.73 1 0
github.com/gocracker/gocracker/internal/virtio/virtio.go:128.40,128.72 1 1
github.com/gocracker/gocracker/internal/virtio/virtio.go:131.25,140.2 8 1
github.com/gocracker/gocracker/internal/virtio/virtio.go:144.55,147.16 3 1
github.com/gocracker/gocracker/internal/virtio/virtio.go:147.16,150.3 2 0
github.com/gocracker/gocracker/internal/virtio/virtio.go:153.2,154.31 2 1
github.com/gocracker/gocracker/internal/virtio/virtio.go:154.31,157.3 2 1
github.com/gocracker/gocracker/internal/virtio/virtio.go:158.2,161.29 2 1
github.com/gocracker/gocracker/internal/virtio/virtio.go:161.29,163.3 1 1
github.com/gocracker/gocracker/internal/virtio/virtio.go:164.2,164.12 1 1
github.com/gocracker/gocracker/internal/virtio/virtio.go:169.66,172.16 3 1
github.com/gocracker/gocracker/internal/virtio/virtio.go:172.16,175.3 2 0
github.com/gocracker/gocracker/internal/virtio/virtio.go:176.2,176.30 1 1
github.com/gocracker/gocracker/internal/virtio/virtio.go:176.30,179.3 2 0
github.com/gocracker/gocracker/internal/virtio/virtio.go:180.2,185.18 5 1
github.com/gocracker/gocracker/internal/virtio/virtio.go:189.56,191.16 2 1
github.com/gocracker/gocracker/internal/virtio/virtio.go:191.16,193.3 1 0
github.com/gocracker/gocracker/internal/virtio/virtio.go:194.2,194.18 1 1
github.com/gocracker/gocracker/internal/virtio/virtio.go:194.18,196.3 1 0
github.com/gocracker/gocracker/internal/virtio/virtio.go:197.2,201.6 5 1
github.com/gocracker/gocracker/internal/virtio/virtio.go:201.6,202.16 1 1
github.com/gocracker/gocracker/internal/virtio/virtio.go:202.16,204.4 1 1
github.com/gocracker/gocracker/internal/virtio/virtio.go:205.3,207.17 3 1
github.com/gocracker/gocracker/internal/virtio/virtio.go:207.17,209.4 1 0
github.com/gocracker/gocracker/internal/virtio/virtio.go:210.3,210.36 1 1
github.com/gocracker/gocracker/internal/virtio/virtio.go:210.36,212.4 1 0
github.com/gocracker/gocracker/internal/virtio/virtio.go:213.3,213.37 1 1
github.com/gocracker/gocracker/internal/virtio/virtio.go:213.37,215.4 1 0
github.com/gocracker/gocracker/internal/virtio/virtio.go:216.3,217.43 2 1
github.com/gocracker/gocracker/internal/virtio/virtio.go:217.43,219.4 1 0
github.com/gocracker/gocracker/internal/virtio/virtio.go:220.3,221.44 2 1
github.com/gocracker/gocracker/internal/virtio/virtio.go:221.44,223.4 1 0
github.com/gocracker/gocracker/internal/virtio/virtio.go:224.3,224.32 1 1
github.com/gocracker/gocracker/internal/virtio/virtio.go:224.32,225.9 1 1
github.com/gocracker/gocracker/internal/virtio/virtio.go:227.3,227.21 1 1
github.com/gocracker/gocracker/internal/virtio/virtio.go:227.21,229.4 1 0
github.com/gocracker/gocracker/internal/virtio/virtio.go:230.3,230.15 1 1
github.com/gocracker/gocracker/internal/virtio/virtio.go:232.2,232.19 1 1
github.com/gocracker/gocracker/internal/virtio/virtio.go:236.65,238.16 2 1
github.com/gocracker/gocracker/internal/virtio/virtio.go:238.16,240.3 1 0
github.com/gocracker/gocracker/internal/virtio/virtio.go:241.2,242.16 2 1
github.com/gocracker/gocracker/internal/virtio/virtio.go:242.16,244.3 1 0
github.com/gocracker/gocracker/internal/virtio/virtio.go:245.2,246.58 2 1
github.com/gocracker/gocracker/internal/virtio/virtio.go:246.58,248.3 1 0
github.com/gocracker/gocracker/internal/virtio/virtio.go:249.2,249.64 1 1
github.com/gocracker/gocracker/internal/virtio/virtio.go:249.64,251.3 1 0
github.com/gocracker/gocracker/internal/virtio/virtio.go:252.2,260.12 9 1
github.com/gocracker/gocracker/internal/virtio/virtio.go:264.59,268.2 3 1
github.com/gocracker/gocracker/internal/virtio/virtio.go:272.65,274.2 1 0
github.com/gocracker/gocracker/internal/virtio/virtio.go:277.58,279.16 2 1
github.com/gocracker/gocracker/internal/virtio/virtio.go:279.16,281.3 1 1
github.com/gocracker/gocracker/internal/virtio/virtio.go:282.2,283.12 2 1
github.com/gocracker/gocracker/internal/virtio/virtio.go:287.59,289.16 2 1
github.com/gocracker/gocracker/internal/virtio/virtio.go:289.16,291.3 1 1
github.com/gocracker/gocracker/internal/virtio/virtio.go:292.2,294.12 3 1
github.com/gocracker/gocracker/internal/virtio/virtio.go:297.48,298.20 1 1
github.com/gocracker/gocracker/internal/virtio/virtio.go:298.20,300.3 1 0
github.com/gocracker/gocracker/internal/virtio/virtio.go:303.52,305.16 2 1
github.com/gocracker/gocracker/internal/virtio/virtio.go:305.16,307.3 1 0
github.com/gocracker/gocracker/internal/virtio/virtio.go:308.2,308.17 1 1
github.com/gocracker/gocracker/internal/virtio/virtio.go:308.17,310.3 1 0
github.com/gocracker/gocracker/internal/virtio/virtio.go:311.2,312.54 2 1
github.com/gocracker/gocracker/internal/virtio/virtio.go:312.54,314.3 1 0
github.com/gocracker/gocracker/internal/virtio/virtio.go:315.2,321.8 2 1
github.com/gocracker/gocracker/internal/virtio/virtio.go:324.48,326.16 2 1
github.com/gocracker/gocracker/internal/virtio/virtio.go:326.16,328.3 1 0
github.com/gocracker/gocracker/internal/virtio/virtio.go:329.2,330.68 2 1
github.com/gocracker/gocracker/internal/virtio/virtio.go:330.68,332.3 1 0
github.com/gocracker/gocracker/internal/virtio/virtio.go:333.2,338.36 3 1
github.com/gocracker/gocracker/internal/virtio/virtio.go:338.36,340.3 1 1
github.com/gocracker/gocracker/internal/virtio/virtio.go:341.2,341.15 1 1
github.com/gocracker/gocracker/internal/virtio/virtio.go:344.47,345.64 1 1
github.com/gocracker/gocracker/internal/virtio/virtio.go:345.64,347.3 1 0
github.com/gocracker/gocracker/internal/virtio/virtio.go:348.2,348.71 1 1
github.com/gocracker/gocracker/internal/virtio/virtio.go:351.50,352.42 1 1
github.com/gocracker/gocracker/internal/virtio/virtio.go:352.42,354.3 1 0
github.com/gocracker/gocracker/internal/virtio/virtio.go:355.2,355.28 1 1
github.com/gocracker/gocracker/internal/virtio/virtio.go:358.75,359.17 1 1
github.com/gocracker/gocracker/internal/virtio/virtio.go:359.17,361.3 1 0
github.com/gocracker/gocracker/internal/virtio/virtio.go:363.2,363.28 1 1
github.com/gocracker/gocracker/internal/virtio/virtio.go:363.28,365.3 1 0
github.com/gocracker/gocracker/internal/virtio/virtio.go:366.2,368.15 3 1
github.com/gocracker/gocracker/internal/virtio/virtio.go:368.15,370.3 1 0
github.com/gocracker/gocracker/internal/virtio/virtio.go:371.2,371.30 1 1
github.com/gocracker/gocracker/internal/virtio/virtio.go:371.30,373.3 1 1
github.com/gocracker/gocracker/internal/virtio/virtio.go:374.2,374.22 1 1
github.com/gocracker/gocracker/internal/virtio/virtio.go:428.117,430.26 2 1
github.com/gocracker/gocracker/internal/virtio/virtio.go:430.26,432.3 1 1
github.com/gocracker/gocracker/internal/virtio/virtio.go:433.2,433.10 1 1
github.com/gocracker/gocracker/internal/virtio/virtio.go:438.51,439.29 1 0
github.com/gocracker/gocracker/internal/virtio/virtio.go:439.29,440.15 1 0
github.com/gocracker/gocracker/internal/virtio/virtio.go:440.15,442.4 1 0
github.com/gocracker/gocracker/internal/virtio/virtio.go:449.60,452.19 3 1
github.com/gocracker/gocracker/internal/virtio/virtio.go:452.19,454.3 1 1
github.com/gocracker/gocracker/internal/virtio/virtio.go:455.2,457.43 3 1
github.com/gocracker/gocracker/internal/virtio/virtio.go:461.59,462.22 1 1
github.com/gocracker/gocracker/internal/virtio/virtio.go:462.22,464.3 1 1
github.com/gocracker/gocracker/internal/virtio/virtio.go:466.2,466.9 1 1
github.com/gocracker/gocracker/internal/virtio/virtio.go:467.26,468.21 1 1
github.com/gocracker/gocracker/internal/virtio/virtio.go:468.21,470.4 1 0
github.com/gocracker/gocracker/internal/virtio/virtio.go:471.3,472.17 2 1
github.com/gocracker/gocracker/internal/virtio/virtio.go:473.17,474.18 1 1
github.com/gocracker/gocracker/internal/virtio/virtio.go:475.19,476.9 1 1
github.com/gocracker/gocracker/internal/virtio/virtio.go:477.20,478.24 1 1
github.com/gocracker/gocracker/internal/virtio/virtio.go:479.20,480.18 1 1
github.com/gocracker/gocracker/internal/virtio/virtio.go:481.23,483.29 2 1
github.com/gocracker/gocracker/internal/virtio/virtio.go:483.29,485.5 1 1
github.com/gocracker/gocracker/internal/virtio/virtio.go:485.10,487.5 1 1
github.com/gocracker/gocracker/internal/virtio/virtio.go:488.23,489.20 1 1
github.com/gocracker/gocracker/internal/virtio/virtio.go:490.22,491.43 1 1
github.com/gocracker/gocracker/internal/virtio/virtio.go:492.25,493.23 1 1
github.com/gocracker/gocracker/internal/virtio/virtio.go:494.18,495.16 1 1
github.com/gocracker/gocracker/internal/virtio/virtio.go:496.67,498.11 2 1
github.com/gocracker/gocracker/internal/virtio/virtio.go:498.11,501.5 2 1
github.com/gocracker/gocracker/internal/virtio/virtio.go:502.4,502.18 1 1
github.com/gocracker/gocracker/internal/virtio/virtio.go:503.22,504.23 1 1
github.com/gocracker/gocracker/internal/virtio/virtio.go:505.23,506.29 1 1
github.com/gocracker/gocracker/internal/virtio/virtio.go:507.23,508.21 1 1
github.com/gocracker/gocracker/internal/virtio/virtio.go:509.24,510.27 1 1
github.com/gocracker/gocracker/internal/virtio/virtio.go:512.28,513.9 1 1
github.com/gocracker/gocracker/internal/virtio/virtio.go:514.11,515.10 1 0
github.com/gocracker/gocracker/internal/virtio/virtio.go:517.3,517.41 1 1
github.com/gocracker/gocracker/internal/virtio/virtio.go:518.27,521.37 3 1
github.com/gocracker/gocracker/internal/virtio/virtio.go:521.37,523.4 1 1
github.com/gocracker/gocracker/internal/virtio/virtio.go:524.3,524.26 1 1
github.com/gocracker/gocracker/internal/virtio/virtio.go:531.54,535.2 3 1
github.com/gocracker/gocracker/internal/virtio/virtio.go:538.60,539.25 1 1
github.com/gocracker/gocracker/internal/virtio/virtio.go:539.25,540.45 1 0
github.com/gocracker/gocracker/internal/virtio/virtio.go:540.45,542.4 1 0
github.com/gocracker/gocracker/internal/virtio/virtio.go:543.3,543.9 1 0
github.com/gocracker/gocracker/internal/virtio/virtio.go:545.2,545.20 1 1
github.com/gocracker/gocracker/internal/virtio/virtio.go:545.20,547.3 1 0
github.com/gocracker/gocracker/internal/virtio/virtio.go:549.2,551.30 3 1
github.com/gocracker/gocracker/internal/virtio/virtio.go:551.30,552.54 1 1
github.com/gocracker/gocracker/internal/virtio/virtio.go:552.54,554.4 1 0
github.com/gocracker/gocracker/internal/virtio/virtio.go:556.2,556.27 1 1
github.com/gocracker/gocracker/internal/virtio/virtio.go:556.27,564.34 8 1
github.com/gocracker/gocracker/internal/virtio/virtio.go:564.34,566.4 1 1
github.com/gocracker/gocracker/internal/virtio/virtio.go:567.3,567.21 1 1
github.com/gocracker/gocracker/internal/virtio/virtio.go:567.21,569.4 1 0
github.com/gocracker/gocracker/internal/virtio/virtio.go:570.3,570.48 1 1
github.com/gocracker/gocracker/internal/virtio/virtio.go:570.48,572.4 1 1
github.com/gocracker/gocracker/internal/virtio/virtio.go:574.2,574.16 1 1
github.com/gocracker/gocracker/internal/virtio/virtio.go:575.25,576.25 1 1
github.com/gocracker/gocracker/internal/virtio/virtio.go:577.25,578.25 1 1
github.com/gocracker/gocracker/internal/virtio/virtio.go:579.22,580.28 1 1
github.com/gocracker/gocracker/internal/virtio/virtio.go:580.28,582.4 1 1
github.com/gocracker/gocracker/internal/virtio/virtio.go:582.9,584.4 1 1
github.com/gocracker/gocracker/internal/virtio/virtio.go:585.3,585.22 1 1
github.com/gocracker/gocracker/internal/virtio/virtio.go:586.19,587.14 1 1
github.com/gocracker/gocracker/internal/virtio/virtio.go:587.14,589.4 1 1
github.com/gocracker/gocracker/internal/virtio/virtio.go:590.17,591.17 1 1
github.com/gocracker/gocracker/internal/virtio/virtio.go:592.19,593.38 1 1
github.com/gocracker/gocracker/internal/virtio/virtio.go:593.38,596.4 2 1
github.com/gocracker/gocracker/internal/virtio/virtio.go:597.21,599.22 2 1
github.com/gocracker/gocracker/internal/virtio/virtio.go:600.22,601.37 1 1
github.com/gocracker/gocracker/internal/virtio/virtio.go:601.37,603.61 2 1
github.com/gocracker/gocracker/internal/virtio/virtio.go:603.61,605.5 1 1
github.com/gocracker/gocracker/internal/virtio/virtio.go:605.10,607.5 1 1
github.com/gocracker/gocracker/internal/virtio/virtio.go:608.4,608.16 1 1
github.com/gocracker/gocracker/internal/virtio/virtio.go:608.16,610.23 2 1
github.com/gocracker/gocracker/internal/virtio/virtio.go:610.23,612.6 1 1
github.com/gocracker/gocracker/internal/virtio/virtio.go:615.23,617.45 2 1
github.com/gocracker/gocracker/internal/virtio/virtio.go:617.45,619.4 1 1
github.com/gocracker/gocracker/internal/virtio/virtio.go:620.17,621.15 1 1
github.com/gocracker/gocracker/internal/virtio/virtio.go:621.15,624.4 2 1
github.com/gocracker/gocracker/internal/virtio/virtio.go:625.3,632.38 4 1
github.com/gocracker/gocracker/internal/virtio/virtio.go:632.38,633.57 1 1
github.com/gocracker/gocracker/internal/virtio/virtio.go:633.57,636.23 3 0
github.com/gocracker/gocracker/internal/virtio/virtio.go:636.23,638.6 1 0
github.com/gocracker/gocracker/internal/virtio/virtio.go:641.23,643.22 2 1
github.com/gocracker/gocracker/internal/virtio/virtio.go:644.24,646.22 2 1
github.com/gocracker/gocracker/internal/virtio/virtio.go:647.25,649.22 2 1
github.com/gocracker/gocracker/internal/virtio/virtio.go:650.26,652.22 2 1
github.com/gocracker/gocracker/internal/virtio/virtio.go:653.25,655.22 2 1
github.com/gocracker/gocracker/internal/virtio/virtio.go:656.26,658.22 2 1
github.com/gocracker/gocracker/internal/virtio/virtio.go:662.80,664.9 2 1
github.com/gocracker/gocracker/internal/virtio/virtio.go:664.9,666.3 1 0
github.com/gocracker/gocracker/internal/virtio/virtio.go:667.2,667.53 1 1
github.com/gocracker/gocracker/internal/virtio/virtio.go:671.37,671.56 1 1
github.com/gocracker/gocracker/internal/virtio/virtio.go:674.37,674.57 1 1
github.com/gocracker/gocracker/internal/virtio/virtio.go:677.43,677.67 1 1
github.com/gocracker/gocracker/internal/virtio/virtio.go:680.51,680.78 1 1
github.com/gocracker/gocracker/internal/virtio/virtio.go:683.34,683.50 1 0
github.com/gocracker/gocracker/internal/virtio/virtio.go:686.44,686.70 1 1
github.com/gocracker/gocracker/internal/virtio/virtio.go:689.44,690.20 1 1
github.com/gocracker/gocracker/internal/virtio/virtio.go:690.20,692.3 1 0
github.com/gocracker/gocracker/internal/virtio/virtio.go:696.37,698.2 1 0
github.com/gocracker/gocracker/internal/virtio/virtio.go:711.36,718.2 3 1
github.com/gocracker/gocracker/internal/virtio/virtio.go:721.44,730.2 8 1
github.com/gocracker/gocracker/internal/virtio/virtio.go:744.44,750.29 2 1
github.com/gocracker/gocracker/internal/virtio/virtio.go:750.29,752.3 1 1
github.com/gocracker/gocracker/internal/virtio/virtio.go:753.2,753.10 1 1
github.com/gocracker/gocracker/internal/virtio/virtio.go:757.52,764.30 7 1
github.com/gocracker/gocracker/internal/virtio/virtio.go:764.30,765.24 1 1
github.com/gocracker/gocracker/internal/virtio/virtio.go:765.24,767.4 1 1
github.com/gocracker/gocracker/internal/virtio/virtio.go:771.29,772.7 1 1
github.com/gocracker/gocracker/internal/virtio/virtio.go:772.7,774.3 1 1
github.com/gocracker/gocracker/internal/virtio/virtio.go:775.2,775.10 1 1
